<?xml version="1.0" encoding="UTF-8"?>
<!-- Generated by org.testng.reporters.JUnitReportReporter -->
<testsuite hostname="DESKTOP-PQAQEE1" failures="0" tests="1" name="Tests.StudentSignUpTest" time="22.797" errors="0" timestamp="2022-07-31T13:37:54 WAT" skipped="0">
  <testcase classname="Tests.StudentSignUpTest" name="SignUp" time="22.797"/>
  <system-out/>
</testsuite> <!-- Tests.StudentSignUpTest -->
