<?xml version="1.0" encoding="UTF-8"?>
<!-- Generated by org.testng.reporters.JUnitReportReporter -->
<testsuite hostname="DESKTOP-PQAQEE1" failures="0" tests="1" name="adeoluogungbesan.eCommerce_tc_3" time="28.377" errors="0" timestamp="2022-09-05T22:49:43 WAT" skipped="0">
  <testcase classname="adeoluogungbesan.eCommerce_tc_3" name="fillForm" time="28.377"/>
  <system-out/>
</testsuite> <!-- adeoluogungbesan.eCommerce_tc_3 -->
