<?xml version="1.0" encoding="UTF-8"?>
<!-- Generated by org.testng.reporters.JUnitReportReporter -->
<testsuite hostname="DESKTOP-PQAQEE1" failures="0" tests="1" name="AssignmentFolder.dialoguBoxWithAMessage" time="6.119" errors="0" timestamp="2022-08-24T22:39:24 WAT" skipped="0">
  <testcase classname="AssignmentFolder.dialoguBoxWithAMessage" name="swipeDemo" time="6.119"/>
  <system-out/>
</testsuite> <!-- AssignmentFolder.dialoguBoxWithAMessage -->
