<?xml version="1.0" encoding="UTF-8"?>
<!-- Generated by org.testng.reporters.JUnitReportReporter -->
<testsuite hostname="DESKTOP-PQAQEE1" failures="0" tests="1" name="adeoluogungbesan.LongPressTest" time="7.071" errors="0" timestamp="2022-08-23T20:22:04 WAT" skipped="0">
  <testcase classname="adeoluogungbesan.LongPressTest" name="longPress" time="7.071"/>
  <system-out/>
</testsuite> <!-- adeoluogungbesan.LongPressTest -->
