<?xml version="1.0" encoding="UTF-8"?>
<!-- Generated by org.testng.reporters.JUnitReportReporter -->
<testsuite hostname="DESKTOP-PQAQEE1" failures="0" tests="1" name="AssignmentFolder.textEntryBoxDemo" time="7.994" errors="0" timestamp="2022-08-25T13:05:52 WAT" skipped="0">
  <testcase classname="AssignmentFolder.textEntryBoxDemo" name="swipeDemo" time="7.994"/>
  <system-out/>
</testsuite> <!-- AssignmentFolder.textEntryBoxDemo -->
