<?xml version="1.0" encoding="UTF-8"?>
<!-- Generated by org.testng.reporters.JUnitReportReporter -->
<testsuite hostname="DESKTOP-PQAQEE1" failures="0" tests="1" name="AssignmentFolder.voiceMailDemo" time="6.297" errors="0" timestamp="2022-08-25T12:50:50 WAT" skipped="0">
  <testcase classname="AssignmentFolder.voiceMailDemo" name="swipeDemo" time="6.297"/>
  <system-out/>
</testsuite> <!-- AssignmentFolder.voiceMailDemo -->
