<?xml version="1.0" encoding="UTF-8"?>
<!-- Generated by org.testng.reporters.JUnitReportReporter -->
<testsuite hostname="DESKTOP-PQAQEE1" failures="0" tests="1" name="adeoluogungbesan.GragAndDropDemo" time="6.757" errors="0" timestamp="2022-08-24T18:42:03 WAT" skipped="0">
  <testcase classname="adeoluogungbesan.GragAndDropDemo" name="swipeDemo" time="6.757"/>
  <system-out/>
</testsuite> <!-- adeoluogungbesan.GragAndDropDemo -->
