<?xml version="1.0" encoding="UTF-8"?>
<!-- Generated by org.testng.reporters.JUnitReportReporter -->
<testsuite hostname="DESKTOP-PQAQEE1" failures="0" tests="1" name="adeoluogungbesan.ScrollDemoTest" time="29.904" errors="0" timestamp="2022-08-24T16:38:09 WAT" skipped="0">
  <testcase classname="adeoluogungbesan.ScrollDemoTest" name="longPress" time="29.904"/>
  <system-out/>
</testsuite> <!-- adeoluogungbesan.ScrollDemoTest -->
