<?xml version="1.0" encoding="UTF-8"?>
<!-- Generated by org.testng.reporters.JUnitReportReporter -->
<testsuite hostname="DESKTOP-PQAQEE1" failures="0" tests="1" name="adeoluogungbesan.misceleniumDemo" time="8.567" errors="0" timestamp="2022-08-25T14:30:37 WAT" skipped="0">
  <testcase classname="adeoluogungbesan.misceleniumDemo" name="Miscelenium" time="8.567"/>
  <system-out/>
</testsuite> <!-- adeoluogungbesan.misceleniumDemo -->
