<?xml version="1.0" encoding="UTF-8"?>
<!-- Generated by org.testng.reporters.JUnitReportReporter -->
<testsuite hostname="DESKTOP-PQAQEE1" failures="0" tests="1" name="AssignmentFolder.progressDiologueDemo" time="16.542" errors="0" timestamp="2022-08-25T11:43:46 WAT" skipped="0">
  <testcase classname="AssignmentFolder.progressDiologueDemo" name="swipeDemo" time="16.542"/>
  <system-out/>
</testsuite> <!-- AssignmentFolder.progressDiologueDemo -->
