<?xml version="1.0" encoding="UTF-8"?>
<!-- Generated by org.testng.reporters.JUnitReportReporter -->
<testsuite hostname="DESKTOP-PQAQEE1" failures="0" tests="1" name="adeoluogungbesan.eCommerce_tc_02" time="18.563" errors="1" timestamp="2022-09-04T13:11:46 WAT" skipped="0">
  <testcase classname="adeoluogungbesan.eCommerce_tc_02" name="fillForm" time="18.563">
    <error message="The element &#039;By.id: com.androidsample.generalstore:id/toolbar_title&#039; does not exist in DOM anymore
For documentation on this error, please visit: https://selenium.dev/exceptions/#stale_element_reference
Build info: version: &#039;4.4.0&#039;, revision: &#039;e5c75ed026a&#039;
System info: host: &#039;DESKTOP-PQAQEE1&#039;, ip: &#039;172.22.160.1&#039;, os.name: &#039;Windows 10&#039;, os.arch: &#039;amd64&#039;, os.version: &#039;10.0&#039;, java.version: &#039;18.0.2&#039;
Driver info: io.appium.java_client.android.AndroidDriver
Command: [c005a2a8-bf10-4e71-b6a6-57095358e5f4, getElementAttribute {id=00000000-0000-0015-7fff-ffff00000032, name=text}]
Capabilities {appium:app: C:\Users\hp\git\repository\..., appium:appPackage: com.androidsample.generalstore, appium:automationName: UIAutomator2, appium:databaseEnabled: false, appium:desired: {app: C:\Users\hp\git\repository\..., automationName: UIAutomator2, deviceName: Pixel 5 API 22, platformName: android}, appium:deviceApiLevel: 22, appium:deviceManufacturer: unknown, appium:deviceModel: Android SDK built for x86, appium:deviceName: emulator-5554, appium:deviceScreenDensity: 440, appium:deviceScreenSize: 1080x2340, appium:deviceUDID: emulator-5554, appium:javascriptEnabled: true, appium:locationContextEnabled: false, appium:networkConnectionEnabled: true, appium:pixelRatio: 2.75, appium:platformVersion: 5.1.1, appium:statBarHeight: 69, appium:takesScreenshot: true, appium:viewportRect: {height: 2139, left: 0, top: 69, width: 1080}, appium:warnings: {}, appium:webStorageEnabled: false, platformName: ANDROID}
Element: [[AndroidDriver:  on ANDROID (c005a2a8-bf10-4e71-b6a6-57095358e5f4)] -&gt; id: com.androidsample.generalstore:id/toolbar_title]
Session ID: c005a2a8-bf10-4e71-b6a6-57095358e5f4" type="org.openqa.selenium.StaleElementReferenceException">
      <![CDATA[org.openqa.selenium.StaleElementReferenceException: The element 'By.id: com.androidsample.generalstore:id/toolbar_title' does not exist in DOM anymore
For documentation on this error, please visit: https://selenium.dev/exceptions/#stale_element_reference
Build info: version: '4.4.0', revision: 'e5c75ed026a'
System info: host: 'DESKTOP-PQAQEE1', ip: '172.22.160.1', os.name: 'Windows 10', os.arch: 'amd64', os.version: '10.0', java.version: '18.0.2'
Driver info: io.appium.java_client.android.AndroidDriver
Command: [c005a2a8-bf10-4e71-b6a6-57095358e5f4, getElementAttribute {id=00000000-0000-0015-7fff-ffff00000032, name=text}]
Capabilities {appium:app: C:\Users\hp\git\repository\..., appium:appPackage: com.androidsample.generalstore, appium:automationName: UIAutomator2, appium:databaseEnabled: false, appium:desired: {app: C:\Users\hp\git\repository\..., automationName: UIAutomator2, deviceName: Pixel 5 API 22, platformName: android}, appium:deviceApiLevel: 22, appium:deviceManufacturer: unknown, appium:deviceModel: Android SDK built for x86, appium:deviceName: emulator-5554, appium:deviceScreenDensity: 440, appium:deviceScreenSize: 1080x2340, appium:deviceUDID: emulator-5554, appium:javascriptEnabled: true, appium:locationContextEnabled: false, appium:networkConnectionEnabled: true, appium:pixelRatio: 2.75, appium:platformVersion: 5.1.1, appium:statBarHeight: 69, appium:takesScreenshot: true, appium:viewportRect: {height: 2139, left: 0, top: 69, width: 1080}, appium:warnings: {}, appium:webStorageEnabled: false, platformName: ANDROID}
Element: [[AndroidDriver:  on ANDROID (c005a2a8-bf10-4e71-b6a6-57095358e5f4)] -> id: com.androidsample.generalstore:id/toolbar_title]
Session ID: c005a2a8-bf10-4e71-b6a6-57095358e5f4
at java.base/jdk.internal.reflect.DirectConstructorHandleAccessor.newInstance(DirectConstructorHandleAccessor.java:67)
at java.base/java.lang.reflect.Constructor.newInstanceWithCaller(Constructor.java:499)
at java.base/java.lang.reflect.Constructor.newInstance(Constructor.java:483)
at org.openqa.selenium.remote.codec.w3c.W3CHttpResponseCodec.createException(W3CHttpResponseCodec.java:200)
at org.openqa.selenium.remote.codec.w3c.W3CHttpResponseCodec.decode(W3CHttpResponseCodec.java:133)
at org.openqa.selenium.remote.codec.w3c.W3CHttpResponseCodec.decode(W3CHttpResponseCodec.java:53)
at org.openqa.selenium.remote.HttpCommandExecutor.execute(HttpCommandExecutor.java:184)
at io.appium.java_client.remote.AppiumCommandExecutor.execute(AppiumCommandExecutor.java:180)
at org.openqa.selenium.remote.RemoteWebDriver.execute(RemoteWebDriver.java:547)
at org.openqa.selenium.remote.RemoteWebElement.execute(RemoteWebElement.java:257)
at org.openqa.selenium.remote.RemoteWebElement.getAttribute(RemoteWebElement.java:158)
at org.openqa.selenium.support.ui.ExpectedConditions.getAttributeOrCssValue(ExpectedConditions.java:1182)
at org.openqa.selenium.support.ui.ExpectedConditions.access$100(ExpectedConditions.java:40)
at org.openqa.selenium.support.ui.ExpectedConditions$40.apply(ExpectedConditions.java:1130)
at org.openqa.selenium.support.ui.ExpectedConditions$40.apply(ExpectedConditions.java:1127)
at org.openqa.selenium.support.ui.FluentWait.until(FluentWait.java:208)
at adeoluogungbesan.eCommerce_tc_02.fillForm(eCommerce_tc_02.java:39)
at java.base/jdk.internal.reflect.DirectMethodHandleAccessor.invoke(DirectMethodHandleAccessor.java:104)
at java.base/java.lang.reflect.Method.invoke(Method.java:577)
at org.testng.internal.MethodInvocationHelper.invokeMethod(MethodInvocationHelper.java:133)
at org.testng.internal.TestInvoker.invokeMethod(TestInvoker.java:598)
at org.testng.internal.TestInvoker.invokeTestMethod(TestInvoker.java:173)
at org.testng.internal.MethodRunner.runInSequence(MethodRunner.java:46)
at org.testng.internal.TestInvoker$MethodInvocationAgent.invoke(TestInvoker.java:824)
at org.testng.internal.TestInvoker.invokeTestMethods(TestInvoker.java:146)
at org.testng.internal.TestMethodWorker.invokeTestMethods(TestMethodWorker.java:146)
at org.testng.internal.TestMethodWorker.run(TestMethodWorker.java:128)
at java.base/java.util.ArrayList.forEach(ArrayList.java:1511)
at org.testng.TestRunner.privateRun(TestRunner.java:794)
at org.testng.TestRunner.run(TestRunner.java:596)
at org.testng.SuiteRunner.runTest(SuiteRunner.java:377)
at org.testng.SuiteRunner.runSequentially(SuiteRunner.java:371)
at org.testng.SuiteRunner.privateRun(SuiteRunner.java:332)
at org.testng.SuiteRunner.run(SuiteRunner.java:276)
at org.testng.SuiteRunnerWorker.runSuite(SuiteRunnerWorker.java:53)
at org.testng.SuiteRunnerWorker.run(SuiteRunnerWorker.java:96)
at org.testng.TestNG.runSuitesSequentially(TestNG.java:1212)
at org.testng.TestNG.runSuitesLocally(TestNG.java:1134)
at org.testng.TestNG.runSuites(TestNG.java:1063)
at org.testng.TestNG.run(TestNG.java:1031)
at org.testng.remote.AbstractRemoteTestNG.run(AbstractRemoteTestNG.java:115)
at org.testng.remote.RemoteTestNG.initAndRun(RemoteTestNG.java:251)
at org.testng.remote.RemoteTestNG.main(RemoteTestNG.java:77)
]]>
    </error>
  </testcase> <!-- fillForm -->
  <system-out/>
</testsuite> <!-- adeoluogungbesan.eCommerce_tc_02 -->
