<?xml version="1.0" encoding="UTF-8"?>
<!-- Generated by org.testng.reporters.JUnitReportReporter -->
<testsuite hostname="DESKTOP-PQAQEE1" failures="0" tests="1" name="AssignmentFolder.dialoguBoxWithALongMessage2" time="6.085" errors="0" timestamp="2022-08-24T22:46:45 WAT" skipped="0">
  <testcase classname="AssignmentFolder.dialoguBoxWithALongMessage2" name="swipeDemo" time="6.085"/>
  <system-out/>
</testsuite> <!-- AssignmentFolder.dialoguBoxWithALongMessage2 -->
