<?xml version="1.0" encoding="UTF-8"?>
<!-- Generated by org.testng.reporters.JUnitReportReporter -->
<testsuite hostname="DESKTOP-PQAQEE1" failures="0" tests="1" name="adeoluogungbesan.appiumBasics" time="7.273" errors="0" timestamp="2022-08-22T10:44:44 WAT" skipped="0">
  <testcase classname="adeoluogungbesan.appiumBasics" name="wifiSettings" time="7.273"/>
  <system-out/>
</testsuite> <!-- adeoluogungbesan.appiumBasics -->
