<?xml version="1.0" encoding="UTF-8"?>
<!-- Generated by org.testng.reporters.JUnitReportReporter -->
<testsuite hostname="DESKTOP-PQAQEE1" failures="0" tests="1" name="AssignmentFolder.dialoguBoxWithAltraLongMessage" time="6.360" errors="0" timestamp="2022-08-24T22:56:14 WAT" skipped="0">
  <testcase classname="AssignmentFolder.dialoguBoxWithAltraLongMessage" name="swipeDemo" time="6.360"/>
  <system-out/>
</testsuite> <!-- AssignmentFolder.dialoguBoxWithAltraLongMessage -->
