<?xml version="1.0" encoding="UTF-8"?>
<!-- Generated by org.testng.reporters.JUnitReportReporter -->
<testsuite hostname="DESKTOP-PQAQEE1" failures="0" tests="1" name="AssignmentFolder.listDialogue" time="8.938" errors="0" timestamp="2022-08-25T11:28:48 WAT" skipped="0">
  <testcase classname="AssignmentFolder.listDialogue" name="swipeDemo" time="8.938"/>
  <system-out/>
</testsuite> <!-- AssignmentFolder.listDialogue -->
