<?xml version="1.0" encoding="UTF-8"?>
<!-- Generated by org.testng.reporters.JUnitReportReporter -->
<testsuite hostname="DESKTOP-PQAQEE1" failures="0" tests="1" name="AssignmentFolder.singleChoiceListDemo" time="8.001" errors="0" timestamp="2022-08-25T12:08:31 WAT" skipped="0">
  <testcase classname="AssignmentFolder.singleChoiceListDemo" name="swipeDemo" time="8.001"/>
  <system-out/>
</testsuite> <!-- AssignmentFolder.singleChoiceListDemo -->
